-------------------------------------------------------------------------------->8
-------------------------------------------------------------------------------->8
[2022-09-20T22:17:41.020562523Z][docker-desktop-user-distro][I] syncContextStores <HOME>/.docker/contexts <-> /mnt/c/Users/matti/.docker/contexts
[2022-09-20T22:17:41.032653225Z][docker-desktop-user-distro][I] syncContextStores <HOME>/.docker/contexts <-> /mnt/c/Users/matti/.docker/contexts os.Symlink <HOME>/.docker/contexts -> /mnt/c/Users/matti/.docker/contexts
-------------------------------------------------------------------------------->8
-------------------------------------------------------------------------------->8
[2022-09-20T22:17:41.181470847Z][docker-desktop-user-distro][I] linkPathToWindows windowsPath = /mnt/c/Users/matti/.aws, linkPath = <HOME>/.aws
-------------------------------------------------------------------------------->8
-------------------------------------------------------------------------------->8
[2022-09-20T22:17:41.335221192Z][docker-desktop-user-distro][I] linkPathToWindows windowsPath = /mnt/c/Users/matti/.azure, linkPath = <HOME>/.azure
-------------------------------------------------------------------------------->8
-------------------------------------------------------------------------------->8
[2022-09-20T22:17:41.490202817Z][docker-desktop-user-distro][I] linkPathToWindows windowsPath = /mnt/c/Users/matti/.docker/features.json, linkPath = ~/.docker/features.json
-------------------------------------------------------------------------------->8
-------------------------------------------------------------------------------->8
[2022-09-20T22:19:51.845534410Z][docker-desktop-user-distro][I] syncContextStores <HOME>/.docker/contexts <-> /mnt/c/Users/matti/.docker/contexts
[2022-09-20T22:19:51.854330572Z][docker-desktop-user-distro][I] syncContextStores <HOME>/.docker/contexts <-> /mnt/c/Users/matti/.docker/contexts: syncNoop
-------------------------------------------------------------------------------->8
-------------------------------------------------------------------------------->8
[2022-09-20T22:19:52.000554272Z][docker-desktop-user-distro][I] linkPathToWindows windowsPath = /mnt/c/Users/matti/.aws, linkPath = <HOME>/.aws
[2022-09-20T22:19:52.008462832Z][docker-desktop-user-distro][I] no need to symlink <HOME>/.aws to /mnt/c/Users/matti/.aws: they are the same path already
-------------------------------------------------------------------------------->8
-------------------------------------------------------------------------------->8
[2022-09-20T22:19:52.169581532Z][docker-desktop-user-distro][I] linkPathToWindows windowsPath = /mnt/c/Users/matti/.azure, linkPath = <HOME>/.azure
[2022-09-20T22:19:52.178403117Z][docker-desktop-user-distro][I] no need to symlink <HOME>/.azure to /mnt/c/Users/matti/.azure: they are the same path already
-------------------------------------------------------------------------------->8
-------------------------------------------------------------------------------->8
[2022-09-20T22:19:52.341896185Z][docker-desktop-user-distro][I] linkPathToWindows windowsPath = /mnt/c/Users/matti/.docker/features.json, linkPath = ~/.docker/features.json
[2022-09-20T22:19:52.351777142Z][docker-desktop-user-distro][I] no need to symlink <HOME>/.docker/features.json to /mnt/c/Users/matti/.docker/features.json: they are the same path already
